  Bomb.cpp
C:\Users\Rafa\Documents\Bomberman Updated\Entity.h(58,22): warning C4244: 'initializing': conversion from 'float' to 'int', possible loss of data
C:\Users\Rafa\Documents\Bomberman Updated\Entity.h(58,14): warning C4244: 'initializing': conversion from 'float' to 'const int', possible loss of data
C:\Users\Rafa\Documents\Bomberman Updated\Entity.h(59,22): warning C4244: 'initializing': conversion from 'float' to 'int', possible loss of data
C:\Users\Rafa\Documents\Bomberman Updated\Entity.h(59,14): warning C4244: 'initializing': conversion from 'float' to 'const int', possible loss of data
  Enemy.cpp
C:\Users\Rafa\Documents\Bomberman Updated\Entity.h(58,22): warning C4244: 'initializing': conversion from 'float' to 'int', possible loss of data
C:\Users\Rafa\Documents\Bomberman Updated\Entity.h(58,14): warning C4244: 'initializing': conversion from 'float' to 'const int', possible loss of data
C:\Users\Rafa\Documents\Bomberman Updated\Entity.h(59,22): warning C4244: 'initializing': conversion from 'float' to 'int', possible loss of data
C:\Users\Rafa\Documents\Bomberman Updated\Entity.h(59,14): warning C4244: 'initializing': conversion from 'float' to 'const int', possible loss of data
  Entity.cpp
C:\Users\Rafa\Documents\Bomberman Updated\Entity.h(58,22): warning C4244: 'initializing': conversion from 'float' to 'int', possible loss of data
C:\Users\Rafa\Documents\Bomberman Updated\Entity.h(58,14): warning C4244: 'initializing': conversion from 'float' to 'const int', possible loss of data
C:\Users\Rafa\Documents\Bomberman Updated\Entity.h(59,22): warning C4244: 'initializing': conversion from 'float' to 'int', possible loss of data
C:\Users\Rafa\Documents\Bomberman Updated\Entity.h(59,14): warning C4244: 'initializing': conversion from 'float' to 'const int', possible loss of data
C:\Users\Rafa\Documents\Bomberman Updated\Entity.cpp(158,53): warning C4244: 'argument': conversion from 'float' to 'int', possible loss of data
C:\Users\Rafa\Documents\Bomberman Updated\Entity.cpp(158,31): warning C4244: 'argument': conversion from 'float' to 'int', possible loss of data
  Environment.cpp
C:\Users\Rafa\Documents\Bomberman Updated\Entity.h(58,22): warning C4244: 'initializing': conversion from 'float' to 'int', possible loss of data
C:\Users\Rafa\Documents\Bomberman Updated\Entity.h(58,14): warning C4244: 'initializing': conversion from 'float' to 'const int', possible loss of data
C:\Users\Rafa\Documents\Bomberman Updated\Entity.h(59,22): warning C4244: 'initializing': conversion from 'float' to 'int', possible loss of data
C:\Users\Rafa\Documents\Bomberman Updated\Entity.h(59,14): warning C4244: 'initializing': conversion from 'float' to 'const int', possible loss of data
C:\Users\Rafa\Documents\Bomberman Updated\Environment.h(19,26): warning C4244: '=': conversion from 'float' to 'int', possible loss of data
C:\Users\Rafa\Documents\Bomberman Updated\Environment.h(20,27): warning C4244: '=': conversion from 'float' to 'int', possible loss of data
  InputManager.cpp
  Main.cpp
C:\Users\Rafa\Documents\Bomberman Updated\Entity.h(58,22): warning C4244: 'initializing': conversion from 'float' to 'int', possible loss of data
C:\Users\Rafa\Documents\Bomberman Updated\Entity.h(58,14): warning C4244: 'initializing': conversion from 'float' to 'const int', possible loss of data
C:\Users\Rafa\Documents\Bomberman Updated\Entity.h(59,22): warning C4244: 'initializing': conversion from 'float' to 'int', possible loss of data
C:\Users\Rafa\Documents\Bomberman Updated\Entity.h(59,14): warning C4244: 'initializing': conversion from 'float' to 'const int', possible loss of data
C:\Users\Rafa\Documents\Bomberman Updated\Player.h(26,38): warning C4244: '=': conversion from 'float' to 'int', possible loss of data
C:\Users\Rafa\Documents\Bomberman Updated\Player.h(27,39): warning C4244: '=': conversion from 'float' to 'int', possible loss of data
C:\Users\Rafa\Documents\Bomberman Updated\Environment.h(19,26): warning C4244: '=': conversion from 'float' to 'int', possible loss of data
C:\Users\Rafa\Documents\Bomberman Updated\Environment.h(20,27): warning C4244: '=': conversion from 'float' to 'int', possible loss of data
C:\Users\Rafa\Documents\Bomberman Updated\Main.cpp(47,29): warning C4244: '=': conversion from 'float' to 'int', possible loss of data
C:\Users\Rafa\Documents\Bomberman Updated\Main.cpp(48,30): warning C4244: '=': conversion from 'float' to 'int', possible loss of data
C:\Users\Rafa\Documents\Bomberman Updated\Main.cpp(51,89): warning C4244: 'argument': conversion from 'float' to 'unsigned int', possible loss of data
C:\Users\Rafa\Documents\Bomberman Updated\Main.cpp(51,49): warning C4244: 'argument': conversion from 'float' to 'unsigned int', possible loss of data
  MathLibrary.cpp
C:\Users\Rafa\Documents\Bomberman Updated\Entity.h(58,22): warning C4244: 'initializing': conversion from 'float' to 'int', possible loss of data
C:\Users\Rafa\Documents\Bomberman Updated\Entity.h(58,14): warning C4244: 'initializing': conversion from 'float' to 'const int', possible loss of data
C:\Users\Rafa\Documents\Bomberman Updated\Entity.h(59,22): warning C4244: 'initializing': conversion from 'float' to 'int', possible loss of data
C:\Users\Rafa\Documents\Bomberman Updated\Entity.h(59,14): warning C4244: 'initializing': conversion from 'float' to 'const int', possible loss of data
  Player.cpp
C:\Users\Rafa\Documents\Bomberman Updated\Entity.h(58,22): warning C4244: 'initializing': conversion from 'float' to 'int', possible loss of data
C:\Users\Rafa\Documents\Bomberman Updated\Entity.h(58,14): warning C4244: 'initializing': conversion from 'float' to 'const int', possible loss of data
C:\Users\Rafa\Documents\Bomberman Updated\Entity.h(59,22): warning C4244: 'initializing': conversion from 'float' to 'int', possible loss of data
C:\Users\Rafa\Documents\Bomberman Updated\Entity.h(59,14): warning C4244: 'initializing': conversion from 'float' to 'const int', possible loss of data
C:\Users\Rafa\Documents\Bomberman Updated\Player.h(26,38): warning C4244: '=': conversion from 'float' to 'int', possible loss of data
C:\Users\Rafa\Documents\Bomberman Updated\Player.h(27,39): warning C4244: '=': conversion from 'float' to 'int', possible loss of data
  TileMap.cpp
C:\Users\Rafa\Documents\Bomberman Updated\Entity.h(58,22): warning C4244: 'initializing': conversion from 'float' to 'int', possible loss of data
C:\Users\Rafa\Documents\Bomberman Updated\Entity.h(58,14): warning C4244: 'initializing': conversion from 'float' to 'const int', possible loss of data
C:\Users\Rafa\Documents\Bomberman Updated\Entity.h(59,22): warning C4244: 'initializing': conversion from 'float' to 'int', possible loss of data
C:\Users\Rafa\Documents\Bomberman Updated\Entity.h(59,14): warning C4244: 'initializing': conversion from 'float' to 'const int', possible loss of data
C:\Users\Rafa\Documents\Bomberman Updated\TileMap.cpp(16,20): warning C4244: '=': conversion from 'int' to 'float', possible loss of data
C:\Users\Rafa\Documents\Bomberman Updated\TileMap.cpp(17,21): warning C4244: '=': conversion from 'int' to 'float', possible loss of data
C:\Users\Rafa\Documents\Bomberman Updated\TileMap.cpp(18,16): warning C4244: '=': conversion from 'unsigned int' to 'float', possible loss of data
C:\Users\Rafa\Documents\Bomberman Updated\TileMap.cpp(19,16): warning C4244: '=': conversion from 'unsigned int' to 'float', possible loss of data
C:\Users\Rafa\Documents\Bomberman Updated\TileMap.cpp(22,16): warning C4244: 'initializing': conversion from 'unsigned int' to 'float', possible loss of data
C:\Users\Rafa\Documents\Bomberman Updated\TileMap.cpp(35,17): warning C4244: '=': conversion from 'unsigned int' to 'float', possible loss of data
C:\Users\Rafa\Documents\Bomberman Updated\TileMap.cpp(90,54): warning C4244: 'argument': conversion from 'float' to 'int', possible loss of data
C:\Users\Rafa\Documents\Bomberman Updated\TileMap.cpp(90,41): warning C4244: 'argument': conversion from 'float' to 'int', possible loss of data
C:\Users\Rafa\Documents\Bomberman Updated\TileMap.cpp(94,50): warning C4244: 'argument': conversion from 'float' to 'int', possible loss of data
C:\Users\Rafa\Documents\Bomberman Updated\TileMap.cpp(94,39): warning C4244: 'argument': conversion from 'float' to 'int', possible loss of data
Bomb.obj : error LNK2001: unresolved external symbol GetFrameTime
Entity.obj : error LNK2001: unresolved external symbol DrawRectangleLinesEx
Entity.obj : error LNK2001: unresolved external symbol DrawTextureRec
Entity.obj : error LNK2001: unresolved external symbol CheckCollisionRecs
Main.obj : error LNK2001: unresolved external symbol BeginMode2D
Main.obj : error LNK2001: unresolved external symbol IsKeyDown
Main.obj : error LNK2001: unresolved external symbol GetMouseWheelMove
Main.obj : error LNK2001: unresolved external symbol SetTargetFPS
Main.obj : error LNK2001: unresolved external symbol ClearBackground
Main.obj : error LNK2001: unresolved external symbol LoadTexture
Main.obj : error LNK2001: unresolved external symbol WindowShouldClose
Main.obj : error LNK2001: unresolved external symbol EndMode2D
Main.obj : error LNK2001: unresolved external symbol BeginDrawing
Main.obj : error LNK2001: unresolved external symbol InitWindow
Main.obj : error LNK2001: unresolved external symbol EndDrawing
Player.obj : error LNK2001: unresolved external symbol IsKeyPressed
TileMap.obj : error LNK2001: unresolved external symbol GetFPS
TileMap.obj : error LNK2001: unresolved external symbol DrawText
C:\Users\Rafa\Documents\Bomberman Updated\x64\Release\Project1.exe : fatal error LNK1120: 18 unresolved externals
